2015-10-07 19:02:56,424 [1] ERROR edu.upenn.cis.cis455.webserver.Worker - File Not Found Error
2015-10-07 19:03:58,566 [5] ERROR edu.upenn.cis.cis455.webserver.Response - Broken pipe
2015-10-07 19:03:58,578 [5] ERROR edu.upenn.cis.cis455.webserver.Response - Broken pipe
2015-10-07 19:03:58,579 [5] ERROR edu.upenn.cis.cis455.webserver.Response - Broken pipe
2015-10-07 19:03:58,647 [6] ERROR edu.upenn.cis.cis455.webserver.Response - Broken pipe
2015-10-07 19:03:58,788 [6] ERROR edu.upenn.cis.cis455.webserver.Response - Broken pipe
2015-10-07 19:03:58,789 [6] ERROR edu.upenn.cis.cis455.webserver.Response - Broken pipe
2015-10-07 19:03:58,865 [9] ERROR edu.upenn.cis.cis455.webserver.Response - Broken pipe
2015-10-07 19:03:58,865 [9] ERROR edu.upenn.cis.cis455.webserver.Response - Broken pipe
2015-10-07 19:03:58,867 [9] ERROR edu.upenn.cis.cis455.webserver.Response - Broken pipe
2015-10-07 19:03:58,900 [7] ERROR edu.upenn.cis.cis455.webserver.Response - Broken pipe
2015-10-07 19:03:58,952 [7] ERROR edu.upenn.cis.cis455.webserver.Response - Broken pipe
2015-10-07 19:03:58,953 [7] ERROR edu.upenn.cis.cis455.webserver.Response - Broken pipe
2015-10-07 19:03:58,950 [2] ERROR edu.upenn.cis.cis455.webserver.Response - Broken pipe
2015-10-07 19:03:58,954 [2] ERROR edu.upenn.cis.cis455.webserver.Response - Broken pipe
2015-10-07 19:03:58,955 [2] ERROR edu.upenn.cis.cis455.webserver.Response - Broken pipe
2015-10-07 19:03:59,133 [4] ERROR edu.upenn.cis.cis455.webserver.Response - Broken pipe
2015-10-07 19:03:59,157 [4] ERROR edu.upenn.cis.cis455.webserver.Response - Broken pipe
2015-10-07 19:03:59,158 [4] ERROR edu.upenn.cis.cis455.webserver.Response - Broken pipe
2015-10-07 19:03:59,163 [3] ERROR edu.upenn.cis.cis455.webserver.Response - Broken pipe
2015-10-07 19:03:59,169 [8] ERROR edu.upenn.cis.cis455.webserver.Response - Broken pipe
2015-10-07 19:03:59,179 [8] ERROR edu.upenn.cis.cis455.webserver.Response - Broken pipe
2015-10-07 19:03:59,179 [8] ERROR edu.upenn.cis.cis455.webserver.Response - Broken pipe
2015-10-07 19:03:59,188 [3] ERROR edu.upenn.cis.cis455.webserver.Response - Broken pipe
2015-10-07 19:03:59,188 [3] ERROR edu.upenn.cis.cis455.webserver.Response - Broken pipe
2015-10-07 19:03:59,222 [0] ERROR edu.upenn.cis.cis455.webserver.Response - Broken pipe
2015-10-07 19:03:59,222 [0] ERROR edu.upenn.cis.cis455.webserver.Response - Broken pipe
2015-10-07 19:03:59,223 [0] ERROR edu.upenn.cis.cis455.webserver.Response - Broken pipe
2015-10-07 19:03:59,310 [1] ERROR edu.upenn.cis.cis455.webserver.Response - Broken pipe
2015-10-07 19:03:59,313 [1] ERROR edu.upenn.cis.cis455.webserver.Response - Broken pipe
2015-10-07 19:03:59,314 [1] ERROR edu.upenn.cis.cis455.webserver.Response - Broken pipe
2015-10-07 19:13:50,644 [3] ERROR edu.upenn.cis.cis455.webserver.Response - Broken pipe
2015-10-07 19:13:50,678 [3] ERROR edu.upenn.cis.cis455.webserver.Response - Broken pipe
2015-10-07 19:13:50,679 [3] ERROR edu.upenn.cis.cis455.webserver.Response - Broken pipe
2015-10-07 19:13:51,145 [4] ERROR edu.upenn.cis.cis455.webserver.Response - Broken pipe
2015-10-07 19:13:51,174 [4] ERROR edu.upenn.cis.cis455.webserver.Response - Broken pipe
2015-10-07 19:13:51,174 [4] ERROR edu.upenn.cis.cis455.webserver.Response - Broken pipe
2015-10-07 19:13:51,240 [7] ERROR edu.upenn.cis.cis455.webserver.Response - Broken pipe
2015-10-07 19:13:51,267 [7] ERROR edu.upenn.cis.cis455.webserver.Response - Broken pipe
2015-10-07 19:13:51,268 [7] ERROR edu.upenn.cis.cis455.webserver.Response - Broken pipe
2015-10-07 19:13:51,429 [2] ERROR edu.upenn.cis.cis455.webserver.Response - Broken pipe
2015-10-07 19:13:51,450 [2] ERROR edu.upenn.cis.cis455.webserver.Response - Broken pipe
2015-10-07 19:13:51,451 [2] ERROR edu.upenn.cis.cis455.webserver.Response - Broken pipe
2015-10-07 19:13:51,793 [9] ERROR edu.upenn.cis.cis455.webserver.Response - Broken pipe
2015-10-07 19:13:51,793 [9] ERROR edu.upenn.cis.cis455.webserver.Response - Broken pipe
2015-10-07 19:13:51,812 [9] ERROR edu.upenn.cis.cis455.webserver.Response - Broken pipe
2015-10-07 19:13:51,813 [0] ERROR edu.upenn.cis.cis455.webserver.Response - Broken pipe
2015-10-07 19:13:51,813 [0] ERROR edu.upenn.cis.cis455.webserver.Response - Broken pipe
2015-10-07 19:13:51,814 [0] ERROR edu.upenn.cis.cis455.webserver.Response - Broken pipe
2015-10-07 19:13:51,968 [1] ERROR edu.upenn.cis.cis455.webserver.Response - Broken pipe
2015-10-07 19:13:52,004 [1] ERROR edu.upenn.cis.cis455.webserver.Response - Broken pipe
2015-10-07 19:13:52,005 [1] ERROR edu.upenn.cis.cis455.webserver.Response - Broken pipe
2015-10-07 19:13:52,120 [5] ERROR edu.upenn.cis.cis455.webserver.Response - Broken pipe
2015-10-07 19:13:52,154 [5] ERROR edu.upenn.cis.cis455.webserver.Response - Broken pipe
2015-10-07 19:13:52,154 [5] ERROR edu.upenn.cis.cis455.webserver.Response - Broken pipe
2015-10-07 19:13:52,179 [6] ERROR edu.upenn.cis.cis455.webserver.Response - Broken pipe
2015-10-07 19:13:52,186 [6] ERROR edu.upenn.cis.cis455.webserver.Response - Broken pipe
2015-10-07 19:13:52,187 [6] ERROR edu.upenn.cis.cis455.webserver.Response - Broken pipe
2015-10-07 19:13:52,283 [8] ERROR edu.upenn.cis.cis455.webserver.Response - Broken pipe
2015-10-07 19:13:52,283 [8] ERROR edu.upenn.cis.cis455.webserver.Response - Broken pipe
2015-10-07 19:13:52,296 [8] ERROR edu.upenn.cis.cis455.webserver.Response - Broken pipe
2015-10-07 19:34:08,761 [0] ERROR edu.upenn.cis.cis455.webserver.Worker - null
2015-10-07 19:41:15,863 [6] ERROR edu.upenn.cis.cis455.webserver.Response - Broken pipe
2015-10-07 19:41:15,888 [6] ERROR edu.upenn.cis.cis455.webserver.Response - Broken pipe
2015-10-07 19:41:15,889 [6] ERROR edu.upenn.cis.cis455.webserver.Response - Broken pipe
2015-10-07 19:41:16,150 [2] ERROR edu.upenn.cis.cis455.webserver.Response - Broken pipe
2015-10-07 19:41:16,205 [2] ERROR edu.upenn.cis.cis455.webserver.Response - Broken pipe
2015-10-07 19:41:16,206 [2] ERROR edu.upenn.cis.cis455.webserver.Response - Broken pipe
2015-10-07 19:41:16,395 [1] ERROR edu.upenn.cis.cis455.webserver.Response - Broken pipe
2015-10-07 19:41:16,401 [1] ERROR edu.upenn.cis.cis455.webserver.Response - Broken pipe
2015-10-07 19:41:16,409 [1] ERROR edu.upenn.cis.cis455.webserver.Response - Broken pipe
2015-10-07 19:41:16,598 [9] ERROR edu.upenn.cis.cis455.webserver.Response - Broken pipe
2015-10-07 19:41:16,598 [9] ERROR edu.upenn.cis.cis455.webserver.Response - Broken pipe
2015-10-07 19:41:16,599 [9] ERROR edu.upenn.cis.cis455.webserver.Response - Broken pipe
2015-10-07 19:41:16,667 [4] ERROR edu.upenn.cis.cis455.webserver.Response - Broken pipe
2015-10-07 19:41:16,707 [4] ERROR edu.upenn.cis.cis455.webserver.Response - Broken pipe
2015-10-07 19:41:16,708 [4] ERROR edu.upenn.cis.cis455.webserver.Response - Broken pipe
2015-10-07 19:41:17,095 [0] ERROR edu.upenn.cis.cis455.webserver.Response - Broken pipe
2015-10-07 19:41:17,168 [0] ERROR edu.upenn.cis.cis455.webserver.Response - Broken pipe
2015-10-07 19:41:17,169 [0] ERROR edu.upenn.cis.cis455.webserver.Response - Broken pipe
2015-10-07 19:41:17,183 [7] ERROR edu.upenn.cis.cis455.webserver.Response - Broken pipe
2015-10-07 19:41:17,238 [7] ERROR edu.upenn.cis.cis455.webserver.Response - Broken pipe
2015-10-07 19:41:17,240 [7] ERROR edu.upenn.cis.cis455.webserver.Response - Broken pipe
2015-10-07 19:41:17,447 [3] ERROR edu.upenn.cis.cis455.webserver.Response - Broken pipe
2015-10-07 19:41:17,448 [3] ERROR edu.upenn.cis.cis455.webserver.Response - Broken pipe
2015-10-07 19:41:17,448 [3] ERROR edu.upenn.cis.cis455.webserver.Response - Broken pipe
2015-10-07 19:41:17,517 [8] ERROR edu.upenn.cis.cis455.webserver.Response - Broken pipe
2015-10-07 19:41:17,517 [8] ERROR edu.upenn.cis.cis455.webserver.Response - Broken pipe
2015-10-07 19:41:17,519 [8] ERROR edu.upenn.cis.cis455.webserver.Response - Broken pipe
2015-10-07 19:41:18,052 [5] ERROR edu.upenn.cis.cis455.webserver.Response - Broken pipe
2015-10-07 19:41:18,125 [5] ERROR edu.upenn.cis.cis455.webserver.Response - Broken pipe
2015-10-07 19:41:18,127 [5] ERROR edu.upenn.cis.cis455.webserver.Response - Broken pipe
2015-10-07 20:21:09,271 [Thread-0] ERROR edu.upenn.cis.cis455.webserver.ThreadPooledServer - Socket closed
2015-10-07 20:23:40,118 [1] ERROR edu.upenn.cis.cis455.webserver.Worker - File Not Found Error
2015-10-07 20:51:05,183 [main] ERROR edu.upenn.cis.cis455.webserver.ThreadPooledServer - Address already in use
